TN:
SF:src\binaryTreeSum\index.ts
FN:10,sumBinaryTree
FN:30,sum
FNF:2
FNH:2
FNDA:16,sumBinaryTree
FNDA:11,sum
DA:1,1
DA:2,1
DA:3,1
DA:4,1
DA:5,1
DA:6,1
DA:7,1
DA:8,1
DA:9,1
DA:10,16
DA:11,16
DA:12,16
DA:13,16
DA:14,14
DA:15,14
DA:16,16
DA:17,16
DA:18,1
DA:19,1
DA:20,1
DA:21,1
DA:22,1
DA:23,1
DA:24,1
DA:25,1
DA:26,1
DA:27,1
DA:28,1
DA:29,1
DA:30,1
DA:31,11
DA:32,5
DA:33,5
DA:34,1
DA:35,1
DA:36,1
DA:37,1
DA:38,1
DA:39,1
DA:40,1
DA:41,1
DA:42,1
DA:43,1
DA:44,1
DA:45,1
DA:46,1
DA:47,1
DA:48,1
DA:49,1
LF:49
LH:49
BRDA:10,0,0,16
BRDA:13,1,0,14
BRDA:12,2,0,18
BRDA:30,3,0,11
BRDA:31,4,0,6
BRDA:32,5,0,5
BRF:6
BRH:6
end_of_record
