TN:
SF:src\findInsertIndex\index.ts
FN:3,findPivot
FN:9,Cell
FN:16,walk
FN:29,findIndex
FNF:4
FNH:3
FNDA:0,findPivot
FNDA:8,Cell
FNDA:4,walk
FNDA:4,findIndex
DA:1,1
DA:2,1
DA:3,0
DA:4,0
DA:5,0
DA:6,0
DA:7,1
DA:8,1
DA:9,8
DA:10,8
DA:11,8
DA:12,8
DA:13,8
DA:14,8
DA:15,1
DA:16,4
DA:17,4
DA:18,4
DA:19,4
DA:20,4
DA:21,3
DA:22,3
DA:23,3
DA:24,4
DA:25,4
DA:26,4
DA:27,4
DA:28,1
DA:29,4
DA:30,4
DA:31,4
DA:32,4
DA:33,4
DA:34,1
DA:35,1
DA:36,1
DA:37,1
DA:38,1
DA:39,1
DA:40,1
DA:41,1
DA:42,1
DA:43,1
DA:44,1
DA:45,1
DA:46,1
DA:47,1
DA:48,1
DA:49,1
DA:50,1
DA:51,1
DA:52,1
DA:53,1
DA:54,1
DA:55,1
DA:56,1
DA:57,1
DA:58,1
DA:59,1
DA:60,1
DA:61,1
DA:62,1
DA:63,1
LF:63
LH:59
BRDA:9,0,0,8
BRDA:16,1,0,4
BRDA:19,2,0,1
BRDA:20,3,0,3
BRDA:21,4,0,0
BRDA:23,5,0,1
BRDA:24,6,0,2
BRDA:29,7,0,4
BRF:8
BRH:7
end_of_record
TN:
SF:src\rleEncoder\index.ts
FN:3,rle
FNF:1
FNH:1
FNDA:3,rle
DA:1,1
DA:2,1
DA:3,3
DA:4,3
DA:5,3
DA:6,3
DA:7,13
DA:8,8
DA:9,8
DA:10,8
DA:11,8
DA:12,5
DA:13,5
DA:14,3
DA:15,3
DA:16,3
DA:17,1
DA:18,1
DA:19,1
DA:20,1
DA:21,1
LF:21
LH:21
BRDA:3,0,0,3
BRDA:6,1,0,13
BRDA:7,2,0,8
BRDA:12,3,0,5
BRF:4
BRH:4
end_of_record
